<?xml version="1.0" encoding="UTF-8"?>
<!-- Generated by org.testng.reporters.JUnitReportReporter -->
<testsuite hostname="MSI" failures="0" tests="1" name="WebDriverTest" time="13.293" errors="0" timestamp="2020-12-16T15:05:55 MSK" skipped="0">
  <testcase classname="WebDriverTest" name="TestAddProductToCart" time="13.293"/>
  <system-out/>
</testsuite> <!-- WebDriverTest -->
