<?xml version="1.0" encoding="UTF-8"?>
<!-- Generated by org.testng.reporters.JUnitReportReporter -->
<testsuite hostname="MSI" failures="0" tests="1" name="test.UserAccessTest" time="10.620" errors="0" timestamp="2020-12-16T15:24:46 MSK" skipped="0">
  <testcase classname="test.UserAccessTest" name="userCanLoginTest" time="10.620"/>
  <system-out/>
</testsuite> <!-- test.UserAccessTest -->
