<?xml version="1.0" encoding="UTF-8"?>
<!-- Generated by org.testng.reporters.JUnitReportReporter -->
<testsuite hostname="MSI" failures="0" tests="1" name="test.TestPageObjectWebDriver" time="0.000" errors="0" timestamp="2020-12-16T15:37:22 MSK" skipped="1">
  <testcase classname="test.TestPageObjectWebDriver" name="TestPriceOfProductAndDeliveringInCart" time="0.000">
    <skipped/>
  </testcase> <!-- TestPriceOfProductAndDeliveringInCart -->
  <system-out/>
</testsuite> <!-- test.TestPageObjectWebDriver -->
