<?xml version="1.0" encoding="UTF-8"?>
<!-- Generated by org.testng.reporters.JUnitReportReporter -->
<testsuite skipped="0" hostname="MSI" name="TestPageObjectWebDriver" tests="1" failures="0" timestamp="2020-12-13T11:17:29 MSK" time="25.583" errors="0">
  <testcase name="TestPriceOfProductAndDeliveringInCart" time="25.583" classname="TestPageObjectWebDriver"/>
  <system-out/>
</testsuite> <!-- TestPageObjectWebDriver -->
