<?xml version="1.0" encoding="UTF-8"?>
<!-- Generated by org.testng.reporters.JUnitReportReporter -->
<testsuite skipped="0" hostname="MSI" name="test.UserAccessTest" tests="1" failures="0" timestamp="2020-12-16T12:08:28 MSK" time="14.242" errors="0">
  <testcase name="userCanLoginTest" time="14.242" classname="test.UserAccessTest"/>
  <system-out/>
</testsuite> <!-- test.UserAccessTest -->
