<?xml version="1.0" encoding="UTF-8"?>
<!-- Generated by org.testng.reporters.JUnitReportReporter -->
<testsuite hostname="MSI" failures="0" tests="1" name="test.TestPageObjectWebDriver" time="15.237" errors="0" timestamp="2020-12-16T15:24:46 MSK" skipped="0">
  <testcase classname="test.TestPageObjectWebDriver" name="TestPriceOfProductAndDeliveringInCart" time="15.237"/>
  <system-out/>
</testsuite> <!-- test.TestPageObjectWebDriver -->
