<?xml version="1.0" encoding="UTF-8"?>
<!-- Generated by org.testng.reporters.JUnitReportReporter -->
<testsuite hostname="MSI" failures="0" tests="1" name="test.UserAccessTest" time="11.642" errors="0" timestamp="2020-12-16T16:44:20 MSK" skipped="0">
  <testcase classname="test.UserAccessTest" name="userCanLoginTest" time="11.642"/>
  <system-out/>
</testsuite> <!-- test.UserAccessTest -->
