<?xml version="1.0" encoding="UTF-8"?>
<!-- Generated by org.testng.reporters.JUnitReportReporter -->
<testsuite skipped="0" hostname="MSI" name="test.TestPageObjectWebDriver" tests="1" failures="0" timestamp="2020-12-16T12:08:28 MSK" time="15.564" errors="0">
  <testcase name="TestPriceOfProductAndDeliveringInCart" time="15.564" classname="test.TestPageObjectWebDriver"/>
  <system-out/>
</testsuite> <!-- test.TestPageObjectWebDriver -->
